<?xml version="1.0" encoding="UTF-8"?>
<testsuite name="com.virgingames.virgingameInfo.DefaultGamesFrequencyTest" time="5.771" tests="2" errors="0" skipped="0" failures="1">
  <properties>
[...]
</properties>
  <testcase name="test001" classname="com.virgingames.virgingameInfo.DefaultGamesFrequencyTest" time="3.769">
    <failure message="&#10;Expected: &quot;300000&quot;&#10;     but: was null" type="java.lang.AssertionError">java.lang.AssertionError: 
Expected: "300000"
     but: was null
	at org.hamcrest.MatcherAssert.assertThat(MatcherAssert.java:20)
	at org.junit.Assert.assertThat(Assert.java:956)
	at org.junit.Assert.assertThat(Assert.java:923)
	at com.virgingames.virgingameInfo.DefaultGamesFrequencyTest.test001(DefaultGamesFrequencyTest.java:30)
</failure>
    <system-out><![CDATA[Request method:	GET
Request URI:	https://www.virgingames.com/bingo/GetBingoLobbyFeed.do
Proxy:			<none>
Request params:	<none>
Query params:	<none>
Form params:	<none>
Path params:	<none>
Multiparts:		<none>
Headers:		Accept=*/*
				Content-Type=text/plain; charset=ISO-8859-1
Cookies:		<none>
Body:			<none>
Default Game Frequency : 300000
Request method:	GET
Request URI:	https://www.virgingames.com/bingo/GetBingoLobbyFeed.do
Proxy:			<none>
Request params:	<none>
Query params:	<none>
Form params:	<none>
Path params:	<none>
Multiparts:		<none>
Headers:		Accept=*/*
				Content-Type=text/plain; charset=ISO-8859-1
Cookies:		<none>
Body:			<none>
Default Game Frequency : 300000
Request method:	GET
Request URI:	https://www.virgingames.com/bingo/GetBingoLobbyFeed.do
Proxy:			<none>
Request params:	<none>
Query params:	<none>
Form params:	<none>
Path params:	<none>
Multiparts:		<none>
Headers:		Accept=*/*
				Content-Type=text/plain; charset=ISO-8859-1
Cookies:		<none>
Body:			<none>
Default Game Frequency : null
]]></system-out>
    <system-err><![CDATA[203 [main] INFO net.serenitybdd.core.Serenity - 

-------------------------------------------------------------------------------------
     _______. _______ .______       _______ .__   __.  __  .___________.____    ____ 
    /       ||   ____||   _  \     |   ____||  \ |  | |  | |           |\   \  /   / 
   |   (----`|  |__   |  |_)  |    |  |__   |   \|  | |  | `---|  |----` \   \/   /  
    \   \    |   __|  |      /     |   __|  |  . `  | |  |     |  |       \_    _/   
.----)   |   |  |____ |  |\  \----.|  |____ |  |\   | |  |     |  |         |  |     
|_______/    |_______|| _| `._____||_______||__| \__| |__|     |__|         |__|    
-------------------------------------------------------------------------------------

609 [main] INFO net.serenitybdd.core.Serenity - Test Suite Started: Default games frequency test
708 [main] INFO net.serenitybdd.core.Serenity - 
 _____ _____ ____ _____   ____ _____  _    ____ _____ _____ ____  
|_   _| ____/ ___|_   _| / ___|_   _|/ \  |  _ \_   _| ____|  _ \ 
  | | |  _| \___ \ | |   \___ \ | | / _ \ | |_) || | |  _| | | | |
  | | | |___ ___) || |    ___) || |/ ___ \|  _ < | | | |___| |_| |
  |_| |_____|____/ |_|   |____/ |_/_/   \_\_| \_\|_| |_____|____/ 
                                                                  

TEST STARTED: test001
-------------------------------------------------------------------
708 [main] INFO net.serenitybdd.core.Serenity - TEST NUMBER: 1
]]></system-err>
  </testcase>
  <testcase name="test002" classname="com.virgingames.virgingameInfo.DefaultGamesFrequencyTest" time="2.002"/>
</testsuite>